2019/06/03 16:50:57 [GRWLR] Logger started.
2019/06/03 16:50:57 [GRLWR-API] Building API endpoints.
2019/06/03 16:50:57 [readForever]
2019/06/03 16:50:57 [GRLWR-API] Listening and Serving API. Port: 9000
2019/06/03 16:51:16 [PRSRV] Catching signal, terminating gracefully.
2019/06/03 16:51:17 [GRWLR] Logger started.
2019/06/03 16:51:17 [GRLWR-API] Listening and Serving API. Port: 9000
2019/06/03 16:51:17 [readForever]
2019/06/03 16:53:32 [PRSRV] Catching signal, terminating gracefully.
2019/06/03 16:53:36 [GRWLR] Logger started.
2019/06/03 16:53:36 [GRLWR-API] Listening and Serving API. Port: 9000
2019/06/03 16:53:36 [GRWLR] Welcome to growler\'s integrated shell!
2019/06/03 16:53:44 [GRWLR] Catching signal, terminating gracefully.
2019/06/03 16:53:47 [GRWLR] Logger started.
2019/06/03 16:53:47 [GRWLR] Welcome to growler's integrated shell!
2019/06/03 16:53:47 [GRLWR-API] Listening and Serving API. Port: 9000
2019/06/03 16:54:08 [GRWLR] Catching signal, terminating gracefully.
2019/06/03 16:54:11 [GRWLR] Logger started.
2019/06/03 16:54:11 [GRLWR-API] Listening and Serving API. Port: 9000
2019/06/03 16:54:11 [GRWLR] Welcome to growler's integrated shell!
2019/06/03 17:02:18 [GRWLR] Catching signal, terminating gracefully.
2019/06/03 17:02:21 [GRWLR] Logger started.
2019/06/03 17:02:21 [GRLWR-API] Building API endpoints.
2019/06/03 17:02:21 [GRWLR] Welcome to growler's integrated shell!
2019/06/03 17:02:21 [GRLWR-API] Listening and Serving API. Port: 9000
2019/06/03 17:03:05 [GRWLR] Catching signal, terminating gracefully.
2019/06/03 17:03:05 [GRWLR] Catching signal, terminating gracefully.
2019/06/03 17:03:07 [GRWLR] Logger started.
2019/06/03 17:04:44 [GRWLR] Logger started.
2019/06/03 17:06:10 [GRWLR] Logger started.
2019/06/03 17:06:10 [GRLWR-API] Building API endpoints.
2019/06/03 17:06:10 [GRWLR] Welcome to growler's integrated shell!
2019/06/03 17:06:10 [GRLWR-API] Listening and Serving API. Port: 9000
2019/06/03 17:06:15 [GRWLR] Catching signal, terminating gracefully.
2019/06/03 17:06:15 [GRWLR] Logger started.
2019/06/03 17:06:15 [GRLWR-API] Building API endpoints.
2019/06/03 17:06:15 [GRWLR] Welcome to growler's integrated shell!
2019/06/03 17:06:15 [GRLWR-API] Listening and Serving API. Port: 9000
2019/06/03 17:06:16 [GRWLR] Catching signal, terminating gracefully.
2019/06/03 17:06:16 [GRWLR] Catching signal, terminating gracefully.
2019/06/03 17:06:17 [GRWLR] Logger started.
2019/06/03 17:06:17 [GRWLR] Welcome to growler's integrated shell!
2019/06/03 17:06:17 [GRLWR-API] Building API endpoints.
2019/06/03 17:06:17 [GRLWR-API] Listening and Serving API. Port: 9000
2019/06/03 17:06:19 [GRWLR] Catching signal, terminating gracefully.
2019/06/03 17:06:19 [GRWLR] Logger started.
2019/06/03 17:06:19 [GRLWR-API] Building API endpoints.
2019/06/03 17:06:19 [GRWLR] Welcome to growler's integrated shell!
2019/06/03 17:06:19 [GRLWR-API] Listening and Serving API. Port: 9000
2019/06/03 17:06:22 [GRWLR] Catching signal, terminating gracefully.
2019/06/03 17:06:22 [GRWLR] Logger started.
2019/06/03 17:06:22 [GRLWR-API] Building API endpoints.
2019/06/03 17:06:22 [GRWLR] Welcome to growler's integrated shell!
2019/06/03 17:06:22 [GRLWR-API] Listening and Serving API. Port: 9000
2019/06/03 17:06:25 [GRWLR] Catching signal, terminating gracefully.
2019/06/03 17:06:25 [GRWLR] Catching signal, terminating gracefully.
2019/06/03 17:06:25 [GRWLR] Logger started.
2019/06/03 17:06:25 [GRLWR-API] Building API endpoints.
2019/06/03 17:06:25 [GRWLR] Welcome to growler's integrated shell!
2019/06/03 17:06:25 [GRLWR-API] Listening and Serving API. Port: 9000
2019/06/03 17:06:44 [GRWLR] Catching signal, terminating gracefully.
2019/06/03 17:06:44 [GRWLR] Catching signal, terminating gracefully.
2019/06/03 17:07:16 [GRWLR] Logger started.
2019/06/03 17:07:16 [GRLWR-API] Building API endpoints.
2019/06/03 17:07:16 [GRWLR] Welcome to growler's integrated shell!
2019/06/03 17:07:16 [GRLWR-API] Listening and Serving API. Port: 9000
2019/06/03 17:07:24 [GRWLR] Catching signal, terminating gracefully.
2019/06/03 17:07:24 [GRWLR] Catching signal, terminating gracefully.
2019/06/03 17:07:24 [GRLWR-API] Building API endpoints.
2019/06/03 17:07:24 [GRWLR] Logger started.
2019/06/03 17:07:24 [GRLWR-API] Listening and Serving API. Port: 9000
2019/06/03 17:07:24 [GRWLR] Welcome to growler's integrated shell!
2019/06/03 17:07:26 [GRWLR] Catching signal, terminating gracefully.
2019/06/03 17:07:26 [GRWLR] Catching signal, terminating gracefully.
2019/06/03 17:07:26 [GRWLR] Logger started.
2019/06/03 17:07:26 [GRLWR-API] Building API endpoints.
2019/06/03 17:07:26 [GRWLR] Welcome to growler's integrated shell!
2019/06/03 17:07:26 [GRLWR-API] Listening and Serving API. Port: 9000
2019/06/03 17:07:28 [processInput]
2019/06/03 17:07:28 [GRWLR] Welcome to growler's integrated shell!
2019/06/03 17:08:12 [GRWLR] Catching signal, terminating gracefully.
2019/06/03 17:08:15 [GRWLR] Logger started.
2019/06/03 17:08:15 [GRLWR-API] Building API endpoints.
2019/06/03 17:08:15 [GRWLR] Welcome to growler's integrated shell!
2019/06/03 17:08:15 [GRLWR-API] Listening and Serving API. Port: 9000
2019/06/03 17:08:19 [GRWLR] Catching signal, terminating gracefully.
2019/06/03 17:08:19 [GRWLR] Catching signal, terminating gracefully.
2019/06/03 17:08:20 [GRWLR] Logger started.
2019/06/03 17:08:20 [GRLWR-API] Building API endpoints.
2019/06/03 17:08:20 [GRWLR] Welcome to growler's integrated shell!
2019/06/03 17:08:20 [GRLWR-API] Listening and Serving API. Port: 9000
2019/06/03 17:08:22 [GRWLR] Catching signal, terminating gracefully.
2019/06/03 17:08:23 [GRWLR] Logger started.
2019/06/03 17:08:23 [GRWLR] Welcome to growler's integrated shell!
2019/06/03 17:08:23 [GRLWR-API] Listening and Serving API. Port: 9000
2019/06/03 17:08:25 [GRWLR] Catching signal, terminating gracefully.
2019/06/03 17:08:25 [GRWLR] Catching signal, terminating gracefully.
2019/06/03 17:08:42 [GRWLR] Logger started.
2019/06/03 17:08:42 [GRLWR-API] Building API endpoints.
2019/06/03 17:08:42 [GRWLR] Welcome to growler's integrated shell!
2019/06/03 17:08:42 [GRLWR-API] Listening and Serving API. Port: 9000
2019/06/03 17:08:44 [GRWLR] Catching signal, terminating gracefully.
2019/06/03 17:08:44 [GRWLR] Catching signal, terminating gracefully.
2019/06/03 17:08:45 [GRWLR] Logger started.
2019/06/03 17:08:45 [GRLWR-API] Building API endpoints.
2019/06/03 17:08:45 [GRWLR] Welcome to growler's integrated shell!
2019/06/03 17:08:45 [GRLWR-API] Listening and Serving API. Port: 9000
2019/06/03 17:08:46 [GRWLR] Catching signal, terminating gracefully.
2019/06/03 17:08:46 [GRWLR] Logger started.
2019/06/03 17:08:46 [GRLWR-API] Building API endpoints.
2019/06/03 17:08:46 [GRWLR] Welcome to growler's integrated shell!
2019/06/03 17:08:46 [GRLWR-API] Listening and Serving API. Port: 9000
2019/06/03 17:08:47 [GRWLR] Catching signal, terminating gracefully.
2019/06/03 17:08:47 [GRWLR] Catching signal, terminating gracefully.
2019/06/03 17:08:48 [GRWLR] Logger started.
2019/06/03 17:08:48 [GRLWR-API] Building API endpoints.
2019/06/03 17:08:48 [GRWLR] Welcome to growler's integrated shell!
2019/06/03 17:08:48 [GRLWR-API] Listening and Serving API. Port: 9000
2019/06/03 17:08:48 [GRWLR] Catching signal, terminating gracefully.
2019/06/03 17:08:48 [GRWLR] Catching signal, terminating gracefully.
2019/06/03 17:09:00 [GRWLR] Logger started.
2019/06/03 17:09:00 [GRWLR] Welcome to growler's integrated shell!
2019/06/03 17:09:00 [GRLWR-API] Listening and Serving API. Port: 9000
2019/06/03 17:09:01 [GRWLR] Catching signal, terminating gracefully.
2019/06/03 17:09:02 [GRWLR] Logger started.
2019/06/03 17:09:02 [GRLWR-API] Building API endpoints.
2019/06/03 17:09:02 [GRWLR] Welcome to growler's integrated shell!
2019/06/03 17:09:02 [GRLWR-API] Listening and Serving API. Port: 9000
2019/06/03 17:09:02 [GRWLR] Catching signal, terminating gracefully.
2019/06/03 17:09:03 [GRWLR] Logger started.
2019/06/03 17:09:03 [GRLWR-API] Building API endpoints.
2019/06/03 17:09:03 [GRWLR] Welcome to growler's integrated shell!
2019/06/03 17:09:03 [GRLWR-API] Listening and Serving API. Port: 9000
2019/06/03 17:09:03 [GRWLR] Catching signal, terminating gracefully.
2019/06/03 17:09:24 [GRWLR] Logger started.
2019/06/03 17:09:24 [GRWLR] Welcome to growler's integrated shell!
2019/06/03 17:09:24 [GRLWR-API] Building API endpoints.
2019/06/03 17:09:24 [GRLWR-API] Listening and Serving API. Port: 9000
2019/06/03 17:09:26 [GRWLR] Catching signal, terminating gracefully.
2019/06/03 17:09:26 [GRWLR] Catching signal, terminating gracefully.
2019/06/03 17:09:27 [GRWLR] Logger started.
2019/06/03 17:09:27 [GRWLR] Welcome to growler's integrated shell!
2019/06/03 17:09:27 [GRLWR-API] Building API endpoints.
2019/06/03 17:09:27 [GRLWR-API] Listening and Serving API. Port: 9000
2019/06/03 17:09:38 [GRWLR] Catching signal, terminating gracefully.
2019/06/03 17:09:38 [GRWLR] Catching signal, terminating gracefully.
2019/06/03 17:09:40 [GRWLR] Logger started.
2019/06/03 17:09:40 [GRLWR-API] Building API endpoints.
2019/06/03 17:09:40 [GRLWR-API] Listening and Serving API. Port: 9000
2019/06/03 17:09:40 [GRWLR] Welcome to growler's integrated shell!
2019/06/03 17:09:42 [GRWLR] Catching signal, terminating gracefully.
2019/06/03 17:09:42 [GRWLR] Logger started.
2019/06/03 17:09:42 [GRWLR] Welcome to growler's integrated shell!
2019/06/03 17:09:42 [GRLWR-API] Building API endpoints.
2019/06/03 17:09:42 [GRLWR-API] Listening and Serving API. Port: 9000
2019/06/03 17:09:43 [GRWLR] Catching signal, terminating gracefully.
2019/06/03 17:09:44 [GRWLR] Logger started.
2019/06/03 17:09:44 [GRWLR] Welcome to growler's integrated shell!
2019/06/03 17:09:44 [GRLWR-API] Building API endpoints.
2019/06/03 17:09:44 [GRLWR-API] Listening and Serving API. Port: 9000
2019/06/03 17:09:45 [GRWLR] Catching signal, terminating gracefully.
2019/06/03 17:09:46 [GRWLR] Logger started.
2019/06/03 17:09:46 [GRLWR-API] Building API endpoints.
2019/06/03 17:09:46 [GRLWR-API] Listening and Serving API. Port: 9000
2019/06/03 17:09:46 [GRWLR] Welcome to growler's integrated shell!
2019/06/03 17:09:47 [GRWLR] Catching signal, terminating gracefully.
2019/06/03 17:09:48 [GRWLR] Logger started.
2019/06/03 17:09:48 [GRLWR-API] Building API endpoints.
2019/06/03 17:09:48 [GRLWR-API] Listening and Serving API. Port: 9000
2019/06/03 17:09:48 [GRWLR] Welcome to growler's integrated shell!
2019/06/03 17:09:48 [GRWLR] Catching signal, terminating gracefully.
2019/06/03 17:09:49 [GRWLR] Logger started.
2019/06/03 17:09:49 [GRWLR] Welcome to growler's integrated shell!
2019/06/03 17:09:49 [GRLWR-API] Building API endpoints.
2019/06/03 17:09:49 [GRLWR-API] Listening and Serving API. Port: 9000
2019/06/03 17:09:50 [GRWLR] Catching signal, terminating gracefully.
2019/06/03 17:09:50 [GRWLR] Catching signal, terminating gracefully.
2019/06/03 17:09:51 [GRWLR] Logger started.
2019/06/03 17:09:51 [GRWLR] Welcome to growler's integrated shell!
2019/06/03 17:09:51 [GRLWR-API] Building API endpoints.
2019/06/03 17:09:51 [GRLWR-API] Listening and Serving API. Port: 9000
2019/06/03 17:09:52 [GRWLR] Catching signal, terminating gracefully.
2019/06/03 17:10:11 [GRWLR] Logger started.
2019/06/03 17:10:11 [GRLWR-API] Building API endpoints.
2019/06/03 17:10:11 [GRWLR] Welcome to growler's integrated shell!
2019/06/03 17:10:11 [GRLWR-API] Listening and Serving API. Port: 9000
2019/06/03 17:10:12 [GRWLR] Catching signal, terminating gracefully.
2019/06/03 17:10:12 [GRWLR] Logger started.
2019/06/03 17:10:12 [GRWLR] Welcome to growler's integrated shell!
2019/06/03 17:10:12 [GRLWR-API] Building API endpoints.
2019/06/03 17:10:12 [GRLWR-API] Listening and Serving API. Port: 9000
2019/06/03 17:10:13 [GRWLR] Catching signal, terminating gracefully.
2019/06/03 17:10:23 [GRWLR] Logger started.
2019/06/03 17:10:23 [GRLWR-API] Building API endpoints.
2019/06/03 17:10:23 [GRLWR-API] Listening and Serving API. Port: 9000
2019/06/03 17:10:23 [GRWLR] Welcome to growler's integrated shell!
2019/06/03 17:10:58 [GRWLR] Catching signal, terminating gracefully.
2019/06/03 17:11:01 [GRWLR] Logger started.
2019/06/03 17:11:01 [GRLWR-API] Listening and Serving API. Port: 9000
2019/06/03 17:11:01 [GRWLR] Welcome to growler's integrated shell!
2019/06/03 17:11:03 [GRWLR] Catching signal, terminating gracefully.
2019/06/03 17:11:03 [GRWLR] Catching signal, terminating gracefully.
2019/06/03 17:11:03 [GRWLR] Logger started.
2019/06/03 17:11:03 [GRLWR-API] Building API endpoints.
2019/06/03 17:11:03 [GRWLR] Welcome to growler's integrated shell!
2019/06/03 17:11:03 [GRLWR-API] Listening and Serving API. Port: 9000
2019/06/03 17:11:04 [GRWLR] Catching signal, terminating gracefully.
2019/06/03 17:11:05 [GRWLR] Logger started.
2019/06/03 17:11:05 [GRLWR-API] Building API endpoints.
2019/06/03 17:11:05 [GRWLR] Welcome to growler's integrated shell!
2019/06/03 17:11:05 [GRLWR-API] Listening and Serving API. Port: 9000
2019/06/03 17:11:07 [GRWLR] Catching signal, terminating gracefully.
2019/06/03 17:11:08 [GRWLR] Logger started.
2019/06/03 17:11:08 [GRLWR-API] Building API endpoints.
2019/06/03 17:11:08 [GRWLR] Welcome to growler's integrated shell!
2019/06/03 17:11:08 [GRLWR-API] Listening and Serving API. Port: 9000
2019/06/03 17:11:08 [GRWLR] Catching signal, terminating gracefully.
2019/06/03 17:11:08 [GRWLR] Catching signal, terminating gracefully.
2019/06/03 17:11:09 [GRWLR] Logger started.
2019/06/03 17:11:09 [GRLWR-API] Building API endpoints.
2019/06/03 17:11:09 [GRWLR] Welcome to growler's integrated shell!
2019/06/03 17:11:09 [GRLWR-API] Listening and Serving API. Port: 9000
2019/06/03 17:11:10 [GRWLR] Catching signal, terminating gracefully.
2019/06/03 17:11:21 [GRWLR] Logger started.
2019/06/03 17:11:21 [GRLWR-API] Listening and Serving API. Port: 9000
2019/06/03 17:11:21 [GRWLR] Welcome to growler's integrated shell!
2019/06/03 17:11:22 [GRWLR] Catching signal, terminating gracefully.
2019/06/03 17:11:22 [GRWLR] Catching signal, terminating gracefully.
2019/06/03 17:11:23 [GRWLR] Logger started.
2019/06/03 17:11:23 [GRLWR-API] Building API endpoints.
2019/06/03 17:11:23 [GRWLR] Welcome to growler's integrated shell!
2019/06/03 17:11:23 [GRLWR-API] Listening and Serving API. Port: 9000
2019/06/03 17:11:24 [GRWLR] Catching signal, terminating gracefully.
2019/06/03 17:11:25 [GRWLR] Logger started.
2019/06/03 17:11:25 [GRWLR] Welcome to growler's integrated shell!
2019/06/03 17:11:25 [GRLWR-API] Listening and Serving API. Port: 9000
2019/06/03 17:11:26 [GRWLR] Catching signal, terminating gracefully.
2019/06/03 17:11:32 [GRWLR] Logger started.
2019/06/03 17:11:32 [GRLWR-API] Building API endpoints.
2019/06/03 17:11:32 [GRLWR-API] Listening and Serving API. Port: 9000
2019/06/03 17:11:32 [GRWLR] Welcome to growler's integrated shell!
2019/06/03 17:11:34 [GRWLR] Catching signal, terminating gracefully.
2019/06/03 17:11:35 [GRWLR] Logger started.
2019/06/03 17:11:35 [GRLWR-API] Building API endpoints.
2019/06/03 17:11:35 [GRLWR-API] Listening and Serving API. Port: 9000
2019/06/03 17:11:35 [GRWLR] Welcome to growler's integrated shell!
2019/06/03 17:11:36 [GRWLR] Catching signal, terminating gracefully.
2019/06/03 17:11:36 [GRWLR] Logger started.
2019/06/03 17:11:36 [GRLWR-API] Building API endpoints.
2019/06/03 17:11:36 [GRLWR-API] Listening and Serving API. Port: 9000
2019/06/03 17:11:36 [GRWLR] Welcome to growler's integrated shell!
2019/06/03 17:11:37 [GRWLR] Catching signal, terminating gracefully.
2019/06/03 17:11:37 [GRWLR] Catching signal, terminating gracefully.
2019/06/03 17:11:41 [GRWLR] Logger started.
2019/06/03 17:11:41 [GRLWR-API] Building API endpoints.
2019/06/03 17:11:41 [GRLWR-API] Listening and Serving API. Port: 9000
2019/06/03 17:11:41 [GRWLR] Welcome to growler's integrated shell!
2019/06/03 17:11:43 [GRWLR] Catching signal, terminating gracefully.
2019/06/03 17:11:50 [GRWLR] Logger started.
2019/06/03 17:11:50 [GRLWR-API] Building API endpoints.
2019/06/03 17:11:50 [GRLWR-API] Listening and Serving API. Port: 9000
2019/06/03 17:11:50 [GRWLR] Welcome to growler's integrated shell!
2019/06/03 17:11:52 
[GRWLR] Catching signal, terminating gracefully.
2019/06/03 17:11:52 [GRWLR] Catching signal, terminating gracefully.
2019/06/03 17:11:55 [GRWLR] Logger started.
2019/06/03 17:11:55 [GRLWR-API] Building API endpoints.
2019/06/03 17:11:55 [GRLWR-API] Listening and Serving API. Port: 9000
2019/06/03 17:11:55 [GRWLR] Welcome to growler's integrated shell!
2019/06/03 17:12:06 [processInput]
2019/06/03 17:12:06 [GRWLR] Welcome to growler's integrated shell!
2019/06/03 17:12:35 [processInput]
2019/06/03 17:12:35 [GRWLR] Welcome to growler's integrated shell!
2019/06/03 17:12:39 [processInput]
2019/06/03 17:12:39 [tabCntlDebug]: list
2019/06/03 17:12:39 [GRWLR] Welcome to growler's integrated shell!
2019/06/03 17:13:12 
[GRWLR] Catching signal, terminating gracefully.
2019/06/03 17:13:12 
[GRWLR] Catching signal, terminating gracefully.
2019/06/03 17:13:12 [GRWLR] Catching signal, terminating gracefully.
2019/06/03 17:13:16 [GRWLR] Logger started.
2019/06/03 17:13:16 [GRLWR-API] Listening and Serving API. Port: 9000
2019/06/03 17:13:16 [GRWLR] growler shell
2019/06/03 17:14:00 
[GRWLR] Catching signal, terminating gracefully.
2019/06/03 17:14:00 [GRWLR] Catching signal, terminating gracefully.
2019/06/03 17:14:03 [GRWLR] Logger started.
2019/06/03 17:14:03 [GRLWR-API] Listening and Serving API. Port: 9000
2019/06/03 17:14:03 [GRWLR] growler shell
2019/06/03 17:15:16 
[GRWLR] Catching signal, terminating gracefully.
2019/06/03 17:15:16 [GRWLR] Catching signal, terminating gracefully.
2019/06/03 17:15:20 [GRWLR] Logger started.
2019/06/03 17:15:20 [GRLWR-API] Building API endpoints.
2019/06/03 17:15:20 [GRLWR-API] Listening and Serving API. Port: 9000
2019/06/03 17:15:20 [GRWLR] growler shell
2019/06/03 17:15:56 
[GRWLR] Catching signal, terminating gracefully.
2019/06/03 17:15:56 [GRWLR] Catching signal, terminating gracefully.
2019/06/03 17:16:00 [GRWLR] Logger started.
2019/06/03 17:16:00 [GRLWR-API] Building API endpoints.
2019/06/03 17:16:00 [GRLWR-API] Listening and Serving API. Port: 9000
2019/06/03 17:16:00 [GRWLR] growler shell
2019/06/03 17:16:24 [GRWLR] Catching signal, terminating gracefully.
2019/06/03 17:16:27 [GRWLR] Logger started.
2019/06/03 17:16:27 [GRLWR-API] Building API endpoints.
2019/06/03 17:16:27 [GRLWR-API] Listening and Serving API. Port: 9000
2019/06/03 17:16:27 [GRWLR] growler shell
2019/06/03 17:16:38 [GRWLR] Catching signal, terminating gracefully.
2019/06/03 17:16:41 [GRWLR] Logger started.
2019/06/03 17:16:41 [GRLWR-API] Building API endpoints.
2019/06/03 17:16:41 [GRLWR-API] Listening and Serving API. Port: 9000
2019/06/03 17:16:41 [GRWLR] growler shell
2019/06/03 17:17:21 
[GRWLR] Catching signal, terminating gracefully.
2019/06/03 17:17:21 [GRWLR] Catching signal, terminating gracefully.
